
> minha-landing@0.1.0 dev
> next dev --hostname 127.0.0.1 --port 3001

▲ Next.js 16.2.3 (Turbopack)
- Local:         http://127.0.0.1:3001
- Network:       http://127.0.0.1:3001
✓ Ready in 1626ms
Creating turbopack project {
  dir: 'C:\\Users\\viana\\OneDrive\\Desktop\\projeto_lading_page\\minha-landing',
  testMode: true
}

 GET / 200 in 1186ms (next.js: 640ms, application-code: 545ms)
 GET / 200 in 378ms (next.js: 14ms, application-code: 364ms)
✓ Compiled in 133ms
 GET / 200 in 356ms (next.js: 201ms, application-code: 155ms)
 GET / 200 in 371ms (next.js: 11ms, application-code: 360ms)
 GET / 200 in 436ms (next.js: 10ms, application-code: 426ms)
✓ Compiled in 279ms
 GET / 200 in 469ms (next.js: 278ms, application-code: 191ms)
 GET / 200 in 364ms (next.js: 14ms, application-code: 351ms)
 GET / 200 in 197ms (next.js: 7ms, application-code: 191ms)
✓ Compiled in 112ms
 GET / 200 in 545ms (next.js: 425ms, application-code: 120ms)
 GET / 200 in 235ms (next.js: 10ms, application-code: 225ms)
✓ Compiled in 1113ms
✓ Compiled in 988ms
 GET / 200 in 575ms (next.js: 317ms, application-code: 258ms)
 GET / 200 in 172ms (next.js: 17ms, application-code: 155ms)
 GET / 200 in 80ms (next.js: 9ms, application-code: 71ms)
 GET / 200 in 156ms (next.js: 12ms, application-code: 145ms)
 GET / 200 in 93ms (next.js: 8ms, application-code: 85ms)
 GET / 200 in 498ms (next.js: 10ms, application-code: 488ms)
 GET / 200 in 182ms (next.js: 38ms, application-code: 145ms)
 GET / 200 in 159ms (next.js: 70ms, application-code: 89ms)
✓ Compiled in 933ms
✓ Compiled in 2.9s
✓ Compiled in 530ms
✓ Compiled in 906ms
✓ Compiled in 979ms
 GET / 200 in 727ms (next.js: 465ms, application-code: 261ms)
 GET / 200 in 78ms (next.js: 8ms, application-code: 69ms)
 GET / 200 in 137ms (next.js: 7ms, application-code: 131ms)
 GET / 200 in 77ms (next.js: 9ms, application-code: 69ms)
 GET / 200 in 68ms (next.js: 10ms, application-code: 57ms)
 GET / 200 in 56ms (next.js: 6ms, application-code: 50ms)
 GET / 200 in 60ms (next.js: 7ms, application-code: 54ms)
 GET / 200 in 60ms (next.js: 9ms, application-code: 51ms)
 GET / 200 in 781ms (next.js: 56ms, application-code: 725ms)
 GET / 200 in 131ms (next.js: 7ms, application-code: 124ms)
✓ Compiled in 88ms
 GET / 200 in 300ms (next.js: 198ms, application-code: 102ms)
✓ Compiled in 155ms
 GET / 200 in 836ms (next.js: 313ms, application-code: 523ms)
 GET / 500 in 739ms (next.js: 20ms, application-code: 719ms)
✓ Compiled in 186ms
 GET / 200 in 1846ms (next.js: 1356ms, application-code: 490ms)
 GET /? 200 in 338ms (next.js: 10ms, application-code: 328ms)
✓ Compiled in 163ms
 GET / 200 in 709ms (next.js: 534ms, application-code: 175ms)
✓ Compiled in 880ms
 GET / 200 in 1085ms (next.js: 760ms, application-code: 325ms)
✓ Compiled in 223ms
 GET / 200 in 900ms (next.js: 729ms, application-code: 171ms)
✓ Compiled in 426ms
 GET / 200 in 1461ms (next.js: 1181ms, application-code: 280ms)
✓ Compiled in 795ms
 GET / 200 in 1131ms (next.js: 1026ms, application-code: 105ms)
✓ Compiled in 295ms
 GET / 200 in 960ms (next.js: 693ms, application-code: 267ms)
✓ Compiled in 467ms
 GET / 200 in 785ms (next.js: 562ms, application-code: 223ms)
✓ Compiled in 288ms
 GET / 200 in 1712ms (next.js: 1039ms, application-code: 672ms)
✓ Compiled in 249ms
 GET / 200 in 984ms (next.js: 693ms, application-code: 290ms)
✓ Compiled in 243ms
 GET / 200 in 436ms (next.js: 243ms, application-code: 193ms)
✓ Compiled in 149ms
 GET / 200 in 778ms (next.js: 428ms, application-code: 350ms)
✓ Compiled in 120ms
 GET / 200 in 809ms (next.js: 494ms, application-code: 315ms)
✓ Compiled in 192ms
 GET / 200 in 1199ms (next.js: 990ms, application-code: 210ms)
✓ Compiled in 180ms
 GET / 200 in 498ms (next.js: 398ms, application-code: 101ms)
✓ Compiled in 146ms
 GET / 200 in 731ms (next.js: 494ms, application-code: 237ms)
✓ Compiled in 259ms
 GET / 200 in 503ms (next.js: 344ms, application-code: 158ms)
✓ Compiled in 155ms
 GET / 200 in 700ms (next.js: 584ms, application-code: 116ms)
✓ Compiled in 1282ms
 GET / 200 in 625ms (next.js: 435ms, application-code: 190ms)
✓ Compiled in 140ms
 GET / 200 in 1244ms (next.js: 1028ms, application-code: 216ms)
✓ Compiled in 138ms
 GET / 200 in 959ms (next.js: 700ms, application-code: 258ms)
✓ Compiled in 771ms
 GET / 200 in 667ms (next.js: 503ms, application-code: 164ms)
✓ Compiled in 134ms
 GET / 200 in 1138ms (next.js: 860ms, application-code: 278ms)
✓ Compiled in 100ms
 GET / 200 in 783ms (next.js: 575ms, application-code: 208ms)
✓ Compiled in 216ms
 GET / 200 in 1282ms (next.js: 1158ms, application-code: 124ms)
✓ Compiled in 132ms
 GET / 200 in 393ms (next.js: 251ms, application-code: 142ms)
✓ Compiled in 346ms
 GET / 200 in 386ms (next.js: 278ms, application-code: 108ms)
✓ Compiled in 193ms
 GET / 200 in 935ms (next.js: 781ms, application-code: 153ms)
✓ Compiled in 117ms
 GET / 200 in 350ms (next.js: 220ms, application-code: 130ms)
✓ Compiled in 388ms
 GET / 200 in 453ms (next.js: 344ms, application-code: 109ms)
✓ Compiled in 152ms
 GET / 200 in 980ms (next.js: 607ms, application-code: 373ms)
✓ Compiled in 251ms
 GET / 200 in 299ms (next.js: 219ms, application-code: 81ms)
✓ Compiled in 212ms
 GET / 200 in 699ms (next.js: 559ms, application-code: 140ms)
✓ Compiled in 87ms
 GET / 200 in 499ms (next.js: 361ms, application-code: 138ms)
✓ Compiled in 204ms
 GET / 200 in 287ms (next.js: 190ms, application-code: 97ms)
✓ Compiled in 83ms
 GET / 200 in 271ms (next.js: 217ms, application-code: 54ms)
✓ Compiled in 98ms
 GET / 200 in 250ms (next.js: 164ms, application-code: 86ms)
 GET / 200 in 53ms (next.js: 7ms, application-code: 46ms)
✓ Compiled in 74ms
 GET / 200 in 265ms (next.js: 159ms, application-code: 106ms)
 GET / 200 in 54ms (next.js: 8ms, application-code: 46ms)
✓ Compiled in 65ms
 GET / 200 in 306ms (next.js: 167ms, application-code: 140ms)
 GET / 200 in 55ms (next.js: 7ms, application-code: 48ms)
✓ Compiled in 123ms
 GET / 200 in 885ms (next.js: 719ms, application-code: 166ms)
 GET / 200 in 144ms (next.js: 31ms, application-code: 114ms)
 GET / 200 in 99ms (next.js: 12ms, application-code: 86ms)
 GET / 200 in 215ms (next.js: 11ms, application-code: 204ms)
 GET / 200 in 107ms (next.js: 19ms, application-code: 88ms)
✓ Compiled in 68ms
 GET / 200 in 604ms (next.js: 195ms, application-code: 409ms)
 GET / 200 in 179ms (next.js: 48ms, application-code: 131ms)
✓ Compiled in 106ms
 GET / 200 in 486ms (next.js: 351ms, application-code: 136ms)
 GET / 200 in 80ms (next.js: 11ms, application-code: 68ms)
✓ Compiled in 103ms
 GET / 200 in 484ms (next.js: 371ms, application-code: 114ms)
 GET / 200 in 333ms (next.js: 42ms, application-code: 291ms)
✓ Compiled in 86ms
 GET / 200 in 894ms (next.js: 676ms, application-code: 219ms)
 GET / 200 in 130ms (next.js: 25ms, application-code: 105ms)
