⨯ ./app/page.tsx:7:1
Module not found: Can't resolve '@/components/Footer'
  [90m 5 |[0m [36mimport[0m [33mFAQ[0m [36mfrom[0m [32m"@/components/FAQ"[0m;
  [90m 6 |[0m [36mimport[0m [33mCTA[0m [36mfrom[0m [32m"@/components/CTA"[0m;
[31m[1m>[0m [90m 7 |[0m [36mimport[0m [33mFooter[0m [36mfrom[0m [32m"@/components/Footer"[0m;
  [90m   |[0m [31m[1m^^^^^^^^^^^^^^^^^^^^^^^^^^^^^^^^^^^^^^^^^[0m
  [90m 8 |[0m
  [90m 9 |[0m [36mexport[0m [36mdefault[0m [36mfunction[0m [33mHome[0m() {
  [90m10 |[0m   [36mreturn[0m (

Import map: aliased to relative './components/Footer' inside of [project]/


https://nextjs.org/docs/messages/module-not-found


⨯ ./app/page.tsx:7:1
Module not found: Can't resolve '@/components/Footer'
  [90m 5 |[0m [36mimport[0m [33mFAQ[0m [36mfrom[0m [32m"@/components/FAQ"[0m;
  [90m 6 |[0m [36mimport[0m [33mCTA[0m [36mfrom[0m [32m"@/components/CTA"[0m;
[31m[1m>[0m [90m 7 |[0m [36mimport[0m [33mFooter[0m [36mfrom[0m [32m"@/components/Footer"[0m;
  [90m   |[0m [31m[1m^^^^^^^^^^^^^^^^^^^^^^^^^^^^^^^^^^^^^^^^^[0m
  [90m 8 |[0m
  [90m 9 |[0m [36mexport[0m [36mdefault[0m [36mfunction[0m [33mHome[0m() {
  [90m10 |[0m   [36mreturn[0m (

Import map: aliased to relative './components/Footer' inside of [project]/


https://nextjs.org/docs/messages/module-not-found


⨯ ./app/page.tsx:7:1
Module not found: Can't resolve '@/components/Footer'
  [90m 5 |[0m [36mimport[0m [33mFAQ[0m [36mfrom[0m [32m"@/components/FAQ"[0m;
  [90m 6 |[0m [36mimport[0m [33mCTA[0m [36mfrom[0m [32m"@/components/CTA"[0m;
[31m[1m>[0m [90m 7 |[0m [36mimport[0m [33mFooter[0m [36mfrom[0m [32m"@/components/Footer"[0m;
  [90m   |[0m [31m[1m^^^^^^^^^^^^^^^^^^^^^^^^^^^^^^^^^^^^^^^^^[0m
  [90m 8 |[0m
  [90m 9 |[0m [36mexport[0m [36mdefault[0m [36mfunction[0m [33mHome[0m() {
  [90m10 |[0m   [36mreturn[0m (

Import map: aliased to relative './components/Footer' inside of [project]/


https://nextjs.org/docs/messages/module-not-found


⨯ ./app/page.tsx:7:1
Module not found: Can't resolve '@/components/Footer'
  [90m 5 |[0m [36mimport[0m [33mFAQ[0m [36mfrom[0m [32m"@/components/FAQ"[0m;
  [90m 6 |[0m [36mimport[0m [33mCTA[0m [36mfrom[0m [32m"@/components/CTA"[0m;
[31m[1m>[0m [90m 7 |[0m [36mimport[0m [33mFooter[0m [36mfrom[0m [32m"@/components/Footer"[0m;
  [90m   |[0m [31m[1m^^^^^^^^^^^^^^^^^^^^^^^^^^^^^^^^^^^^^^^^^[0m
  [90m 8 |[0m
  [90m 9 |[0m [36mexport[0m [36mdefault[0m [36mfunction[0m [33mHome[0m() {
  [90m10 |[0m   [36mreturn[0m (

Import map: aliased to relative './components/Footer' inside of [project]/


https://nextjs.org/docs/messages/module-not-found


⨯ ./app/page.tsx:7:1
Module not found: Can't resolve '@/components/Footer'
  [90m 5 |[0m [36mimport[0m [33mFAQ[0m [36mfrom[0m [32m"@/components/FAQ"[0m;
  [90m 6 |[0m [36mimport[0m [33mCTA[0m [36mfrom[0m [32m"@/components/CTA"[0m;
[31m[1m>[0m [90m 7 |[0m [36mimport[0m [33mFooter[0m [36mfrom[0m [32m"@/components/Footer"[0m;
  [90m   |[0m [31m[1m^^^^^^^^^^^^^^^^^^^^^^^^^^^^^^^^^^^^^^^^^[0m
  [90m 8 |[0m
  [90m 9 |[0m [36mexport[0m [36mdefault[0m [36mfunction[0m [33mHome[0m() {
  [90m10 |[0m   [36mreturn[0m (

Import map: aliased to relative './components/Footer' inside of [project]/


https://nextjs.org/docs/messages/module-not-found


⨯ ./app/page.tsx:7:1
Module not found: Can't resolve '@/components/Footer'
  [90m 5 |[0m [36mimport[0m [33mFAQ[0m [36mfrom[0m [32m"@/components/FAQ"[0m;
  [90m 6 |[0m [36mimport[0m [33mCTA[0m [36mfrom[0m [32m"@/components/CTA"[0m;
[31m[1m>[0m [90m 7 |[0m [36mimport[0m [33mFooter[0m [36mfrom[0m [32m"@/components/Footer"[0m;
  [90m   |[0m [31m[1m^^^^^^^^^^^^^^^^^^^^^^^^^^^^^^^^^^^^^^^^^[0m
  [90m 8 |[0m
  [90m 9 |[0m [36mexport[0m [36mdefault[0m [36mfunction[0m [33mHome[0m() {
  [90m10 |[0m   [36mreturn[0m (

Import map: aliased to relative './components/Footer' inside of [project]/


https://nextjs.org/docs/messages/module-not-found


⨯ ./app/page.tsx:7:1
Module not found: Can't resolve '@/components/Footer'
  [90m 5 |[0m [36mimport[0m [33mFAQ[0m [36mfrom[0m [32m"@/components/FAQ"[0m;
  [90m 6 |[0m [36mimport[0m [33mCTA[0m [36mfrom[0m [32m"@/components/CTA"[0m;
[31m[1m>[0m [90m 7 |[0m [36mimport[0m [33mFooter[0m [36mfrom[0m [32m"@/components/Footer"[0m;
  [90m   |[0m [31m[1m^^^^^^^^^^^^^^^^^^^^^^^^^^^^^^^^^^^^^^^^^[0m
  [90m 8 |[0m
  [90m 9 |[0m [36mexport[0m [36mdefault[0m [36mfunction[0m [33mHome[0m() {
  [90m10 |[0m   [36mreturn[0m (

Import map: aliased to relative './components/Footer' inside of [project]/


https://nextjs.org/docs/messages/module-not-found


⨯ ./app/page.tsx:7:1
Module not found: Can't resolve '@/components/Footer'
  [90m 5 |[0m [36mimport[0m [33mFAQ[0m [36mfrom[0m [32m"@/components/FAQ"[0m;
  [90m 6 |[0m [36mimport[0m [33mCTA[0m [36mfrom[0m [32m"@/components/CTA"[0m;
[31m[1m>[0m [90m 7 |[0m [36mimport[0m [33mFooter[0m [36mfrom[0m [32m"@/components/Footer"[0m;
  [90m   |[0m [31m[1m^^^^^^^^^^^^^^^^^^^^^^^^^^^^^^^^^^^^^^^^^[0m
  [90m 8 |[0m
  [90m 9 |[0m [36mexport[0m [36mdefault[0m [36mfunction[0m [33mHome[0m() {
  [90m10 |[0m   [36mreturn[0m (

Import map: aliased to relative './components/Footer' inside of [project]/


https://nextjs.org/docs/messages/module-not-found


⨯ ./app/page.tsx:7:1
Module not found: Can't resolve '@/components/Footer'
  [90m 5 |[0m [36mimport[0m [33mFAQ[0m [36mfrom[0m [32m"@/components/FAQ"[0m;
  [90m 6 |[0m [36mimport[0m [33mCTA[0m [36mfrom[0m [32m"@/components/CTA"[0m;
[31m[1m>[0m [90m 7 |[0m [36mimport[0m [33mFooter[0m [36mfrom[0m [32m"@/components/Footer"[0m;
  [90m   |[0m [31m[1m^^^^^^^^^^^^^^^^^^^^^^^^^^^^^^^^^^^^^^^^^[0m
  [90m 8 |[0m
  [90m 9 |[0m [36mexport[0m [36mdefault[0m [36mfunction[0m [33mHome[0m() {
  [90m10 |[0m   [36mreturn[0m (

Import map: aliased to relative './components/Footer' inside of [project]/


https://nextjs.org/docs/messages/module-not-found


⨯ ./app/page.tsx:7:1
Module not found: Can't resolve '@/components/Footer'
  [90m 5 |[0m [36mimport[0m [33mFAQ[0m [36mfrom[0m [32m"@/components/FAQ"[0m;
  [90m 6 |[0m [36mimport[0m [33mCTA[0m [36mfrom[0m [32m"@/components/CTA"[0m;
[31m[1m>[0m [90m 7 |[0m [36mimport[0m [33mFooter[0m [36mfrom[0m [32m"@/components/Footer"[0m;
  [90m   |[0m [31m[1m^^^^^^^^^^^^^^^^^^^^^^^^^^^^^^^^^^^^^^^^^[0m
  [90m 8 |[0m
  [90m 9 |[0m [36mexport[0m [36mdefault[0m [36mfunction[0m [33mHome[0m() {
  [90m10 |[0m   [36mreturn[0m (

Import map: aliased to relative './components/Footer' inside of [project]/


https://nextjs.org/docs/messages/module-not-found


⨯ ./app/page.tsx:7:1
Module not found: Can't resolve '@/components/Footer'
  [90m 5 |[0m [36mimport[0m [33mFAQ[0m [36mfrom[0m [32m"@/components/FAQ"[0m;
  [90m 6 |[0m [36mimport[0m [33mCTA[0m [36mfrom[0m [32m"@/components/CTA"[0m;
[31m[1m>[0m [90m 7 |[0m [36mimport[0m [33mFooter[0m [36mfrom[0m [32m"@/components/Footer"[0m;
  [90m   |[0m [31m[1m^^^^^^^^^^^^^^^^^^^^^^^^^^^^^^^^^^^^^^^^^[0m
  [90m 8 |[0m
  [90m 9 |[0m [36mexport[0m [36mdefault[0m [36mfunction[0m [33mHome[0m() {
  [90m10 |[0m   [36mreturn[0m (

Import map: aliased to relative './components/Footer' inside of [project]/


https://nextjs.org/docs/messages/module-not-found


⨯ ./app/page.tsx:7:1
Module not found: Can't resolve '@/components/Footer'
  [90m 5 |[0m [36mimport[0m [33mFAQ[0m [36mfrom[0m [32m"@/components/FAQ"[0m;
  [90m 6 |[0m [36mimport[0m [33mCTA[0m [36mfrom[0m [32m"@/components/CTA"[0m;
[31m[1m>[0m [90m 7 |[0m [36mimport[0m [33mFooter[0m [36mfrom[0m [32m"@/components/Footer"[0m;
  [90m   |[0m [31m[1m^^^^^^^^^^^^^^^^^^^^^^^^^^^^^^^^^^^^^^^^^[0m
  [90m 8 |[0m
  [90m 9 |[0m [36mexport[0m [36mdefault[0m [36mfunction[0m [33mHome[0m() {
  [90m10 |[0m   [36mreturn[0m (

Import map: aliased to relative './components/Footer' inside of [project]/


https://nextjs.org/docs/messages/module-not-found


⨯ ./app/page.tsx:7:1
Module not found: Can't resolve '@/components/Footer'
  [90m 5 |[0m [36mimport[0m [33mFAQ[0m [36mfrom[0m [32m"@/components/FAQ"[0m;
  [90m 6 |[0m [36mimport[0m [33mCTA[0m [36mfrom[0m [32m"@/components/CTA"[0m;
[31m[1m>[0m [90m 7 |[0m [36mimport[0m [33mFooter[0m [36mfrom[0m [32m"@/components/Footer"[0m;
  [90m   |[0m [31m[1m^^^^^^^^^^^^^^^^^^^^^^^^^^^^^^^^^^^^^^^^^[0m
  [90m 8 |[0m
  [90m 9 |[0m [36mexport[0m [36mdefault[0m [36mfunction[0m [33mHome[0m() {
  [90m10 |[0m   [36mreturn[0m (

Import map: aliased to relative './components/Footer' inside of [project]/


https://nextjs.org/docs/messages/module-not-found


⨯ ./app/page.tsx:7:1
Module not found: Can't resolve '@/components/Footer'
  [90m 5 |[0m [36mimport[0m [33mFAQ[0m [36mfrom[0m [32m"@/components/FAQ"[0m;
  [90m 6 |[0m [36mimport[0m [33mCTA[0m [36mfrom[0m [32m"@/components/CTA"[0m;
[31m[1m>[0m [90m 7 |[0m [36mimport[0m [33mFooter[0m [36mfrom[0m [32m"@/components/Footer"[0m;
  [90m   |[0m [31m[1m^^^^^^^^^^^^^^^^^^^^^^^^^^^^^^^^^^^^^^^^^[0m
  [90m 8 |[0m
  [90m 9 |[0m [36mexport[0m [36mdefault[0m [36mfunction[0m [33mHome[0m() {
  [90m10 |[0m   [36mreturn[0m (

Import map: aliased to relative './components/Footer' inside of [project]/


https://nextjs.org/docs/messages/module-not-found


⨯ ./app/page.tsx:7:1
Module not found: Can't resolve '@/components/Footer'
  [90m 5 |[0m [36mimport[0m [33mFAQ[0m [36mfrom[0m [32m"@/components/FAQ"[0m;
  [90m 6 |[0m [36mimport[0m [33mCTA[0m [36mfrom[0m [32m"@/components/CTA"[0m;
[31m[1m>[0m [90m 7 |[0m [36mimport[0m [33mFooter[0m [36mfrom[0m [32m"@/components/Footer"[0m;
  [90m   |[0m [31m[1m^^^^^^^^^^^^^^^^^^^^^^^^^^^^^^^^^^^^^^^^^[0m
  [90m 8 |[0m
  [90m 9 |[0m [36mexport[0m [36mdefault[0m [36mfunction[0m [33mHome[0m() {
  [90m10 |[0m   [36mreturn[0m (

Import map: aliased to relative './components/Footer' inside of [project]/


https://nextjs.org/docs/messages/module-not-found


⨯ ./app/page.tsx:7:1
Module not found: Can't resolve '@/components/Footer'
  [90m 5 |[0m [36mimport[0m [33mFAQ[0m [36mfrom[0m [32m"@/components/FAQ"[0m;
  [90m 6 |[0m [36mimport[0m [33mCTA[0m [36mfrom[0m [32m"@/components/CTA"[0m;
[31m[1m>[0m [90m 7 |[0m [36mimport[0m [33mFooter[0m [36mfrom[0m [32m"@/components/Footer"[0m;
  [90m   |[0m [31m[1m^^^^^^^^^^^^^^^^^^^^^^^^^^^^^^^^^^^^^^^^^[0m
  [90m 8 |[0m
  [90m 9 |[0m [36mexport[0m [36mdefault[0m [36mfunction[0m [33mHome[0m() {
  [90m10 |[0m   [36mreturn[0m (

Import map: aliased to relative './components/Footer' inside of [project]/


https://nextjs.org/docs/messages/module-not-found


⨯ ./app/page.tsx:6:1
Module not found: Can't resolve '@/components/CTA'
  [90m4 |[0m [36mimport[0m [33mProcess[0m [36mfrom[0m [32m"@/components/Process"[0m;
  [90m5 |[0m [36mimport[0m [33mFAQ[0m [36mfrom[0m [32m"@/components/FAQ"[0m;
[31m[1m>[0m [90m6 |[0m [36mimport[0m [33mCTA[0m [36mfrom[0m [32m"@/components/CTA"[0m;
  [90m  |[0m [31m[1m^^^^^^^^^^^^^^^^^^^^^^^^^^^^^^^^^^^[0m
  [90m7 |[0m [36mimport[0m [33mFooter[0m [36mfrom[0m [32m"@/components/Footer"[0m;
  [90m8 |[0m
  [90m9 |[0m [36mexport[0m [36mdefault[0m [36mfunction[0m [33mHome[0m() {

Import map: aliased to relative './components/CTA' inside of [project]/


https://nextjs.org/docs/messages/module-not-found


⨯ ./app/page.tsx:6:1
Module not found: Can't resolve '@/components/CTA'
  [90m4 |[0m [36mimport[0m [33mProcess[0m [36mfrom[0m [32m"@/components/Process"[0m;
  [90m5 |[0m [36mimport[0m [33mFAQ[0m [36mfrom[0m [32m"@/components/FAQ"[0m;
[31m[1m>[0m [90m6 |[0m [36mimport[0m [33mCTA[0m [36mfrom[0m [32m"@/components/CTA"[0m;
  [90m  |[0m [31m[1m^^^^^^^^^^^^^^^^^^^^^^^^^^^^^^^^^^^[0m
  [90m7 |[0m [36mimport[0m [33mFooter[0m [36mfrom[0m [32m"@/components/Footer"[0m;
  [90m8 |[0m
  [90m9 |[0m [36mexport[0m [36mdefault[0m [36mfunction[0m [33mHome[0m() {

Import map: aliased to relative './components/CTA' inside of [project]/


https://nextjs.org/docs/messages/module-not-found


⨯ ./app/page.tsx:6:1
Module not found: Can't resolve '@/components/CTA'
  [90m4 |[0m [36mimport[0m [33mProcess[0m [36mfrom[0m [32m"@/components/Process"[0m;
  [90m5 |[0m [36mimport[0m [33mFAQ[0m [36mfrom[0m [32m"@/components/FAQ"[0m;
[31m[1m>[0m [90m6 |[0m [36mimport[0m [33mCTA[0m [36mfrom[0m [32m"@/components/CTA"[0m;
  [90m  |[0m [31m[1m^^^^^^^^^^^^^^^^^^^^^^^^^^^^^^^^^^^[0m
  [90m7 |[0m [36mimport[0m [33mFooter[0m [36mfrom[0m [32m"@/components/Footer"[0m;
  [90m8 |[0m
  [90m9 |[0m [36mexport[0m [36mdefault[0m [36mfunction[0m [33mHome[0m() {

Import map: aliased to relative './components/CTA' inside of [project]/


https://nextjs.org/docs/messages/module-not-found


⨯ ./app/page.tsx:6:1
Module not found: Can't resolve '@/components/CTA'
  [90m4 |[0m [36mimport[0m [33mProcess[0m [36mfrom[0m [32m"@/components/Process"[0m;
  [90m5 |[0m [36mimport[0m [33mFAQ[0m [36mfrom[0m [32m"@/components/FAQ"[0m;
[31m[1m>[0m [90m6 |[0m [36mimport[0m [33mCTA[0m [36mfrom[0m [32m"@/components/CTA"[0m;
  [90m  |[0m [31m[1m^^^^^^^^^^^^^^^^^^^^^^^^^^^^^^^^^^^[0m
  [90m7 |[0m [36mimport[0m [33mFooter[0m [36mfrom[0m [32m"@/components/Footer"[0m;
  [90m8 |[0m
  [90m9 |[0m [36mexport[0m [36mdefault[0m [36mfunction[0m [33mHome[0m() {

Import map: aliased to relative './components/CTA' inside of [project]/


https://nextjs.org/docs/messages/module-not-found


⨯ ./app/page.tsx:6:1
Module not found: Can't resolve '@/components/CTA'
  [90m4 |[0m [36mimport[0m [33mProcess[0m [36mfrom[0m [32m"@/components/Process"[0m;
  [90m5 |[0m [36mimport[0m [33mFAQ[0m [36mfrom[0m [32m"@/components/FAQ"[0m;
[31m[1m>[0m [90m6 |[0m [36mimport[0m [33mCTA[0m [36mfrom[0m [32m"@/components/CTA"[0m;
  [90m  |[0m [31m[1m^^^^^^^^^^^^^^^^^^^^^^^^^^^^^^^^^^^[0m
  [90m7 |[0m [36mimport[0m [33mFooter[0m [36mfrom[0m [32m"@/components/Footer"[0m;
  [90m8 |[0m
  [90m9 |[0m [36mexport[0m [36mdefault[0m [36mfunction[0m [33mHome[0m() {

Import map: aliased to relative './components/CTA' inside of [project]/


https://nextjs.org/docs/messages/module-not-found


⨯ ./app/page.tsx:6:1
Module not found: Can't resolve '@/components/CTA'
  [90m4 |[0m [36mimport[0m [33mProcess[0m [36mfrom[0m [32m"@/components/Process"[0m;
  [90m5 |[0m [36mimport[0m [33mFAQ[0m [36mfrom[0m [32m"@/components/FAQ"[0m;
[31m[1m>[0m [90m6 |[0m [36mimport[0m [33mCTA[0m [36mfrom[0m [32m"@/components/CTA"[0m;
  [90m  |[0m [31m[1m^^^^^^^^^^^^^^^^^^^^^^^^^^^^^^^^^^^[0m
  [90m7 |[0m [36mimport[0m [33mFooter[0m [36mfrom[0m [32m"@/components/Footer"[0m;
  [90m8 |[0m
  [90m9 |[0m [36mexport[0m [36mdefault[0m [36mfunction[0m [33mHome[0m() {

Import map: aliased to relative './components/CTA' inside of [project]/


https://nextjs.org/docs/messages/module-not-found


⨯ ./app/page.tsx:6:1
Module not found: Can't resolve '@/components/CTA'
  [90m4 |[0m [36mimport[0m [33mProcess[0m [36mfrom[0m [32m"@/components/Process"[0m;
  [90m5 |[0m [36mimport[0m [33mFAQ[0m [36mfrom[0m [32m"@/components/FAQ"[0m;
[31m[1m>[0m [90m6 |[0m [36mimport[0m [33mCTA[0m [36mfrom[0m [32m"@/components/CTA"[0m;
  [90m  |[0m [31m[1m^^^^^^^^^^^^^^^^^^^^^^^^^^^^^^^^^^^[0m
  [90m7 |[0m [36mimport[0m [33mFooter[0m [36mfrom[0m [32m"@/components/Footer"[0m;
  [90m8 |[0m
  [90m9 |[0m [36mexport[0m [36mdefault[0m [36mfunction[0m [33mHome[0m() {

Import map: aliased to relative './components/CTA' inside of [project]/


https://nextjs.org/docs/messages/module-not-found


⨯ ./app/page.tsx:6:1
Module not found: Can't resolve '@/components/CTA'
  [90m4 |[0m [36mimport[0m [33mProcess[0m [36mfrom[0m [32m"@/components/Process"[0m;
  [90m5 |[0m [36mimport[0m [33mFAQ[0m [36mfrom[0m [32m"@/components/FAQ"[0m;
[31m[1m>[0m [90m6 |[0m [36mimport[0m [33mCTA[0m [36mfrom[0m [32m"@/components/CTA"[0m;
  [90m  |[0m [31m[1m^^^^^^^^^^^^^^^^^^^^^^^^^^^^^^^^^^^[0m
  [90m7 |[0m [36mimport[0m [33mFooter[0m [36mfrom[0m [32m"@/components/Footer"[0m;
  [90m8 |[0m
  [90m9 |[0m [36mexport[0m [36mdefault[0m [36mfunction[0m [33mHome[0m() {

Import map: aliased to relative './components/CTA' inside of [project]/


https://nextjs.org/docs/messages/module-not-found


⨯ ./app/page.tsx:6:1
Module not found: Can't resolve '@/components/CTA'
  [90m4 |[0m [36mimport[0m [33mProcess[0m [36mfrom[0m [32m"@/components/Process"[0m;
  [90m5 |[0m [36mimport[0m [33mFAQ[0m [36mfrom[0m [32m"@/components/FAQ"[0m;
[31m[1m>[0m [90m6 |[0m [36mimport[0m [33mCTA[0m [36mfrom[0m [32m"@/components/CTA"[0m;
  [90m  |[0m [31m[1m^^^^^^^^^^^^^^^^^^^^^^^^^^^^^^^^^^^[0m
  [90m7 |[0m [36mimport[0m [33mFooter[0m [36mfrom[0m [32m"@/components/Footer"[0m;
  [90m8 |[0m
  [90m9 |[0m [36mexport[0m [36mdefault[0m [36mfunction[0m [33mHome[0m() {

Import map: aliased to relative './components/CTA' inside of [project]/


https://nextjs.org/docs/messages/module-not-found


⨯ ./app/page.tsx:6:1
Module not found: Can't resolve '@/components/CTA'
  [90m4 |[0m [36mimport[0m [33mProcess[0m [36mfrom[0m [32m"@/components/Process"[0m;
  [90m5 |[0m [36mimport[0m [33mFAQ[0m [36mfrom[0m [32m"@/components/FAQ"[0m;
[31m[1m>[0m [90m6 |[0m [36mimport[0m [33mCTA[0m [36mfrom[0m [32m"@/components/CTA"[0m;
  [90m  |[0m [31m[1m^^^^^^^^^^^^^^^^^^^^^^^^^^^^^^^^^^^[0m
  [90m7 |[0m [36mimport[0m [33mFooter[0m [36mfrom[0m [32m"@/components/Footer"[0m;
  [90m8 |[0m
  [90m9 |[0m [36mexport[0m [36mdefault[0m [36mfunction[0m [33mHome[0m() {

Import map: aliased to relative './components/CTA' inside of [project]/


https://nextjs.org/docs/messages/module-not-found


⨯ ./app/page.tsx:6:1
Module not found: Can't resolve '@/components/CTA'
  [90m4 |[0m [36mimport[0m [33mProcess[0m [36mfrom[0m [32m"@/components/Process"[0m;
  [90m5 |[0m [36mimport[0m [33mFAQ[0m [36mfrom[0m [32m"@/components/FAQ"[0m;
[31m[1m>[0m [90m6 |[0m [36mimport[0m [33mCTA[0m [36mfrom[0m [32m"@/components/CTA"[0m;
  [90m  |[0m [31m[1m^^^^^^^^^^^^^^^^^^^^^^^^^^^^^^^^^^^[0m
  [90m7 |[0m [36mimport[0m [33mFooter[0m [36mfrom[0m [32m"@/components/Footer"[0m;
  [90m8 |[0m
  [90m9 |[0m [36mexport[0m [36mdefault[0m [36mfunction[0m [33mHome[0m() {

Import map: aliased to relative './components/CTA' inside of [project]/


https://nextjs.org/docs/messages/module-not-found


⨯ ./app/page.tsx:6:1
Module not found: Can't resolve '@/components/CTA'
  [90m4 |[0m [36mimport[0m [33mProcess[0m [36mfrom[0m [32m"@/components/Process"[0m;
  [90m5 |[0m [36mimport[0m [33mFAQ[0m [36mfrom[0m [32m"@/components/FAQ"[0m;
[31m[1m>[0m [90m6 |[0m [36mimport[0m [33mCTA[0m [36mfrom[0m [32m"@/components/CTA"[0m;
  [90m  |[0m [31m[1m^^^^^^^^^^^^^^^^^^^^^^^^^^^^^^^^^^^[0m
  [90m7 |[0m [36mimport[0m [33mFooter[0m [36mfrom[0m [32m"@/components/Footer"[0m;
  [90m8 |[0m
  [90m9 |[0m [36mexport[0m [36mdefault[0m [36mfunction[0m [33mHome[0m() {

Import map: aliased to relative './components/CTA' inside of [project]/


https://nextjs.org/docs/messages/module-not-found


⨯ ./app/layout.tsx:2:1
Module not found: Can't resolve './globals.css'
  [90m1 |[0m [36mimport[0m [36mtype[0m { [33mMetadata[0m } [36mfrom[0m [32m"next"[0m;
[31m[1m>[0m [90m2 |[0m [36mimport[0m [32m"./globals.css"[0m;
  [90m  |[0m [31m[1m^^^^^^^^^^^^^^^^^^^^^^^[0m
  [90m3 |[0m
  [90m4 |[0m [36mexport[0m [36mconst[0m metadata: [33mMetadata[0m = {
  [90m5 |[0m   title: [32m"Minha Landing"[0m,



https://nextjs.org/docs/messages/module-not-found


⨯ ./app/layout.tsx:2:1
Module not found: Can't resolve './globals.css'
  [90m1 |[0m [36mimport[0m [36mtype[0m { [33mMetadata[0m } [36mfrom[0m [32m"next"[0m;
[31m[1m>[0m [90m2 |[0m [36mimport[0m [32m"./globals.css"[0m;
  [90m  |[0m [31m[1m^^^^^^^^^^^^^^^^^^^^^^^[0m
  [90m3 |[0m
  [90m4 |[0m [36mexport[0m [36mconst[0m metadata: [33mMetadata[0m = {
  [90m5 |[0m   title: [32m"Minha Landing"[0m,



https://nextjs.org/docs/messages/module-not-found


⨯ ./app/layout.tsx:2:1
Module not found: Can't resolve './globals.css'
  [90m1 |[0m [36mimport[0m [36mtype[0m { [33mMetadata[0m } [36mfrom[0m [32m"next"[0m;
[31m[1m>[0m [90m2 |[0m [36mimport[0m [32m"./globals.css"[0m;
  [90m  |[0m [31m[1m^^^^^^^^^^^^^^^^^^^^^^^[0m
  [90m3 |[0m
  [90m4 |[0m [36mexport[0m [36mconst[0m metadata: [33mMetadata[0m = {
  [90m5 |[0m   title: [32m"Minha Landing"[0m,



https://nextjs.org/docs/messages/module-not-found


⨯ ./app/layout.tsx:2:1
Module not found: Can't resolve './globals.css'
  [90m1 |[0m [36mimport[0m [36mtype[0m { [33mMetadata[0m } [36mfrom[0m [32m"next"[0m;
[31m[1m>[0m [90m2 |[0m [36mimport[0m [32m"./globals.css"[0m;
  [90m  |[0m [31m[1m^^^^^^^^^^^^^^^^^^^^^^^[0m
  [90m3 |[0m
  [90m4 |[0m [36mexport[0m [36mconst[0m metadata: [33mMetadata[0m = {
  [90m5 |[0m   title: [32m"Minha Landing"[0m,



https://nextjs.org/docs/messages/module-not-found


⨯ ./app/layout.tsx:2:1
Module not found: Can't resolve './globals.css'
  [90m1 |[0m [36mimport[0m [36mtype[0m { [33mMetadata[0m } [36mfrom[0m [32m"next"[0m;
[31m[1m>[0m [90m2 |[0m [36mimport[0m [32m"./globals.css"[0m;
  [90m  |[0m [31m[1m^^^^^^^^^^^^^^^^^^^^^^^[0m
  [90m3 |[0m
  [90m4 |[0m [36mexport[0m [36mconst[0m metadata: [33mMetadata[0m = {
  [90m5 |[0m   title: [32m"Minha Landing"[0m,



https://nextjs.org/docs/messages/module-not-found


[browser] Image with src "/logo.webp" has either width or height modified, but not the other. If you use CSS to change the size of your image, also include the styles 'width: "auto"' or 'height: "auto"' to maintain the aspect ratio.
[browser] Image with src "/pix.png" has "fill" but is missing "sizes" prop. Please add it to improve page performance. Read more: https://nextjs.org/docs/api-reference/next/image#sizes
[browser] Image with src "/advogada.webp" has "fill" but is missing "sizes" prop. Please add it to improve page performance. Read more: https://nextjs.org/docs/api-reference/next/image#sizes
[browser] Uncaught ReferenceError: highlights is not defined
    at Hero (components/hero.tsx:81:16)
    at Set.forEach (<anonymous>)
    at Home (app\page.tsx:12:7)
  79 |
  80 |             <div className="mt-10 grid gap-3 sm:grid-cols-3">
> 81 |               {highlights.map((item) => (
     |                ^
  82 |                 <div
  83 |                   key={item}
  84 |                   className="rounded-2xl border border-white/10 bg-white/6 px-4 py-4 text-...
⨯ ReferenceError: highlights is not defined
    at Hero (components\hero.tsx:81:16)
  79 |
  80 |             <div className="mt-10 grid gap-3 sm:grid-cols-3">
> 81 |               {highlights.map((item) => (
     |                ^
  82 |                 <div
  83 |                   key={item}
  84 |                   className="rounded-2xl border border-white/10 bg-white/6 px-4 py-4 text-... {
  digest: '1770793494'
}
[browser] Uncaught ReferenceError: highlights is not defined
    at Hero (components/hero.tsx:81:16)
    at Home (app\page.tsx:12:7)
  79 |
  80 |             <div className="mt-10 grid gap-3 sm:grid-cols-3">
> 81 |               {highlights.map((item) => (
     |                ^
  82 |                 <div
  83 |                   key={item}
  84 |                   className="rounded-2xl border border-white/10 bg-white/6 px-4 py-4 text-...
⚠ Fast Refresh had to perform a full reload due to a runtime error.
[browser] Image with src "/logo.webp" has either width or height modified, but not the other. If you use CSS to change the size of your image, also include the styles 'width: "auto"' or 'height: "auto"' to maintain the aspect ratio.
[browser] Image with src "/pix.png" has "fill" but is missing "sizes" prop. Please add it to improve page performance. Read more: https://nextjs.org/docs/api-reference/next/image#sizes
[browser] Image with src "/advogada.webp" has "fill" but is missing "sizes" prop. Please add it to improve page performance. Read more: https://nextjs.org/docs/api-reference/next/image#sizes
